<?xml version="1.0" encoding="UTF-8"?>
<coverage generated="1771232328">
  <project timestamp="1771232328">
    <file name="/home/runner/work/wp-module-pls/wp-module-pls/bootstrap.php">
      <line num="9" type="stmt" count="0"/>
      <line num="10" type="stmt" count="0"/>
      <line num="11" type="stmt" count="0"/>
      <line num="12" type="stmt" count="0"/>
      <line num="13" type="stmt" count="0"/>
      <line num="14" type="stmt" count="0"/>
      <line num="15" type="stmt" count="0"/>
      <line num="16" type="stmt" count="0"/>
      <line num="17" type="stmt" count="0"/>
      <line num="18" type="stmt" count="0"/>
      <line num="20" type="stmt" count="0"/>
      <line num="21" type="stmt" count="0"/>
      <line num="22" type="stmt" count="0"/>
      <line num="23" type="stmt" count="0"/>
      <line num="24" type="stmt" count="0"/>
      <line num="25" type="stmt" count="0"/>
      <line num="26" type="stmt" count="0"/>
      <line num="27" type="stmt" count="0"/>
      <metrics loc="30" ncloc="30" classes="0" methods="0" coveredmethods="0" conditionals="0" coveredconditionals="0" statements="18" coveredstatements="0" elements="18" coveredelements="0"/>
    </file>
    <file name="/home/runner/work/wp-module-pls/wp-module-pls/includes/Data/Providers.php">
      <class name="NewfoldLabs\WP\Module\PLS\Data\Providers" namespace="global">
        <metrics complexity="7" methods="5" coveredmethods="0" conditionals="0" coveredconditionals="0" statements="24" coveredstatements="0" elements="29" coveredelements="0"/>
      </class>
      <line num="29" type="method" name="__construct" visibility="public" complexity="2" crap="6" count="0"/>
      <line num="31" type="stmt" count="0"/>
      <line num="32" type="stmt" count="0"/>
      <line num="34" type="stmt" count="0"/>
      <line num="37" type="stmt" count="0"/>
      <line num="38" type="stmt" count="0"/>
      <line num="39" type="stmt" count="0"/>
      <line num="40" type="stmt" count="0"/>
      <line num="41" type="stmt" count="0"/>
      <line num="42" type="stmt" count="0"/>
      <line num="43" type="stmt" count="0"/>
      <line num="44" type="stmt" count="0"/>
      <line num="46" type="stmt" count="0"/>
      <line num="47" type="stmt" count="0"/>
      <line num="48" type="stmt" count="0"/>
      <line num="49" type="stmt" count="0"/>
      <line num="50" type="stmt" count="0"/>
      <line num="51" type="stmt" count="0"/>
      <line num="52" type="stmt" count="0"/>
      <line num="64" type="method" name="get_option_name" visibility="public" complexity="2" crap="6" count="0"/>
      <line num="65" type="stmt" count="0"/>
      <line num="66" type="stmt" count="0"/>
      <line num="69" type="stmt" count="0"/>
      <line num="80" type="method" name="get_license_id_option_name" visibility="public" complexity="1" crap="2" count="0"/>
      <line num="81" type="stmt" count="0"/>
      <line num="92" type="method" name="get_activation_key_option_name" visibility="public" complexity="1" crap="2" count="0"/>
      <line num="93" type="stmt" count="0"/>
      <line num="103" type="method" name="get_storage_method" visibility="public" complexity="1" crap="2" count="0"/>
      <line num="104" type="stmt" count="0"/>
      <metrics loc="107" ncloc="54" classes="1" methods="5" coveredmethods="0" conditionals="0" coveredconditionals="0" statements="24" coveredstatements="0" elements="29" coveredelements="0"/>
    </file>
    <file name="/home/runner/work/wp-module-pls/wp-module-pls/includes/PLS.php">
      <class name="NewfoldLabs\WP\Module\PLS\PLS" namespace="global">
        <metrics complexity="8" methods="3" coveredmethods="0" conditionals="0" coveredconditionals="0" statements="29" coveredstatements="0" elements="32" coveredelements="0"/>
      </class>
      <line num="27" type="method" name="__construct" visibility="public" complexity="2" crap="6" count="0"/>
      <line num="29" type="stmt" count="0"/>
      <line num="31" type="stmt" count="0"/>
      <line num="32" type="stmt" count="0"/>
      <line num="34" type="stmt" count="0"/>
      <line num="35" type="stmt" count="0"/>
      <line num="38" type="stmt" count="0"/>
      <line num="47" type="method" name="load_text_domain" visibility="public" complexity="1" crap="2" count="0"/>
      <line num="49" type="stmt" count="0"/>
      <line num="50" type="stmt" count="0"/>
      <line num="51" type="stmt" count="0"/>
      <line num="52" type="stmt" count="0"/>
      <line num="53" type="stmt" count="0"/>
      <line num="62" type="method" name="filter_upgrader_package_options" visibility="public" complexity="5" crap="30" count="0"/>
      <line num="65" type="stmt" count="0"/>
      <line num="66" type="stmt" count="0"/>
      <line num="67" type="stmt" count="0"/>
      <line num="71" type="stmt" count="0"/>
      <line num="72" type="stmt" count="0"/>
      <line num="73" type="stmt" count="0"/>
      <line num="76" type="stmt" count="0"/>
      <line num="77" type="stmt" count="0"/>
      <line num="79" type="stmt" count="0"/>
      <line num="80" type="stmt" count="0"/>
      <line num="82" type="stmt" count="0"/>
      <line num="83" type="stmt" count="0"/>
      <line num="84" type="stmt" count="0"/>
      <line num="85" type="stmt" count="0"/>
      <line num="86" type="stmt" count="0"/>
      <line num="87" type="stmt" count="0"/>
      <line num="88" type="stmt" count="0"/>
      <line num="90" type="stmt" count="0"/>
      <metrics loc="93" ncloc="66" classes="1" methods="3" coveredmethods="0" conditionals="0" coveredconditionals="0" statements="29" coveredstatements="0" elements="32" coveredelements="0"/>
    </file>
    <file name="/home/runner/work/wp-module-pls/wp-module-pls/includes/Permissions.php">
      <class name="NewfoldLabs\WP\Module\PLS\Permissions" namespace="global">
        <metrics complexity="4" methods="2" coveredmethods="0" conditionals="0" coveredconditionals="0" statements="2" coveredstatements="0" elements="4" coveredelements="0"/>
      </class>
      <line num="19" type="method" name="rest_is_authorized_admin" visibility="public" complexity="2" crap="6" count="0"/>
      <line num="20" type="stmt" count="0"/>
      <line num="28" type="method" name="is_authorized_admin" visibility="public" complexity="2" crap="6" count="0"/>
      <line num="29" type="stmt" count="0"/>
      <metrics loc="32" ncloc="16" classes="1" methods="2" coveredmethods="0" conditionals="0" coveredconditionals="0" statements="2" coveredstatements="0" elements="4" coveredelements="0"/>
    </file>
    <file name="/home/runner/work/wp-module-pls/wp-module-pls/includes/RestApi/Controllers/PLSController.php">
      <class name="NewfoldLabs\WP\Module\PLS\RestApi\Controllers\PLSController" namespace="global">
        <metrics complexity="11" methods="6" coveredmethods="1" conditionals="0" coveredconditionals="0" statements="70" coveredstatements="30" elements="76" coveredelements="31"/>
      </class>
      <line num="39" type="method" name="__construct" visibility="public" complexity="1" crap="2" count="0"/>
      <line num="41" type="stmt" count="0"/>
      <line num="47" type="method" name="register_routes" visibility="public" complexity="1" crap="1" count="1"/>
      <line num="49" type="stmt" count="1"/>
      <line num="50" type="stmt" count="1"/>
      <line num="51" type="stmt" count="1"/>
      <line num="52" type="stmt" count="1"/>
      <line num="53" type="stmt" count="1"/>
      <line num="54" type="stmt" count="1"/>
      <line num="55" type="stmt" count="1"/>
      <line num="56" type="stmt" count="1"/>
      <line num="57" type="stmt" count="1"/>
      <line num="58" type="stmt" count="1"/>
      <line num="61" type="stmt" count="1"/>
      <line num="62" type="stmt" count="1"/>
      <line num="63" type="stmt" count="1"/>
      <line num="64" type="stmt" count="1"/>
      <line num="65" type="stmt" count="1"/>
      <line num="66" type="stmt" count="1"/>
      <line num="67" type="stmt" count="1"/>
      <line num="68" type="stmt" count="1"/>
      <line num="69" type="stmt" count="1"/>
      <line num="70" type="stmt" count="1"/>
      <line num="73" type="stmt" count="1"/>
      <line num="74" type="stmt" count="1"/>
      <line num="75" type="stmt" count="1"/>
      <line num="76" type="stmt" count="1"/>
      <line num="77" type="stmt" count="1"/>
      <line num="78" type="stmt" count="1"/>
      <line num="79" type="stmt" count="1"/>
      <line num="80" type="stmt" count="1"/>
      <line num="81" type="stmt" count="1"/>
      <line num="82" type="stmt" count="1"/>
      <line num="90" type="method" name="get_args" visibility="public" complexity="3" crap="12" count="0"/>
      <line num="91" type="stmt" count="0"/>
      <line num="92" type="stmt" count="0"/>
      <line num="93" type="stmt" count="0"/>
      <line num="94" type="stmt" count="0"/>
      <line num="95" type="stmt" count="0"/>
      <line num="96" type="stmt" count="0"/>
      <line num="97" type="stmt" count="0"/>
      <line num="98" type="stmt" count="0"/>
      <line num="99" type="stmt" count="0"/>
      <line num="100" type="stmt" count="0"/>
      <line num="101" type="stmt" count="0"/>
      <line num="102" type="stmt" count="0"/>
      <line num="103" type="stmt" count="0"/>
      <line num="104" type="stmt" count="0"/>
      <line num="105" type="stmt" count="0"/>
      <line num="115" type="method" name="create_license" visibility="public" complexity="2" crap="6" count="0"/>
      <line num="116" type="stmt" count="0"/>
      <line num="117" type="stmt" count="0"/>
      <line num="120" type="stmt" count="0"/>
      <line num="122" type="stmt" count="0"/>
      <line num="123" type="stmt" count="0"/>
      <line num="124" type="stmt" count="0"/>
      <line num="125" type="stmt" count="0"/>
      <line num="126" type="stmt" count="0"/>
      <line num="127" type="stmt" count="0"/>
      <line num="128" type="stmt" count="0"/>
      <line num="131" type="stmt" count="0"/>
      <line num="141" type="method" name="get_license_status" visibility="public" complexity="2" crap="6" count="0"/>
      <line num="142" type="stmt" count="0"/>
      <line num="145" type="stmt" count="0"/>
      <line num="147" type="stmt" count="0"/>
      <line num="157" type="method" name="activate_license" visibility="public" complexity="2" crap="6" count="0"/>
      <line num="158" type="stmt" count="0"/>
      <line num="161" type="stmt" count="0"/>
      <line num="162" type="stmt" count="0"/>
      <line num="163" type="stmt" count="0"/>
      <line num="164" type="stmt" count="0"/>
      <line num="165" type="stmt" count="0"/>
      <line num="166" type="stmt" count="0"/>
      <line num="167" type="stmt" count="0"/>
      <line num="168" type="stmt" count="0"/>
      <line num="171" type="stmt" count="0"/>
      <metrics loc="174" ncloc="115" classes="1" methods="6" coveredmethods="1" conditionals="0" coveredconditionals="0" statements="70" coveredstatements="30" elements="76" coveredelements="31"/>
    </file>
    <file name="/home/runner/work/wp-module-pls/wp-module-pls/includes/RestApi/RestApi.php">
      <class name="NewfoldLabs\WP\Module\PLS\RestApi\RestApi" namespace="global">
        <metrics complexity="3" methods="2" coveredmethods="0" conditionals="0" coveredconditionals="0" statements="4" coveredstatements="0" elements="6" coveredelements="0"/>
      </class>
      <line num="23" type="method" name="__construct" visibility="public" complexity="1" crap="2" count="0"/>
      <line num="25" type="stmt" count="0"/>
      <line num="31" type="method" name="register_routes" visibility="public" complexity="2" crap="6" count="0"/>
      <line num="32" type="stmt" count="0"/>
      <line num="33" type="stmt" count="0"/>
      <line num="34" type="stmt" count="0"/>
      <metrics loc="38" ncloc="21" classes="1" methods="2" coveredmethods="0" conditionals="0" coveredconditionals="0" statements="4" coveredstatements="0" elements="6" coveredelements="0"/>
    </file>
    <file name="/home/runner/work/wp-module-pls/wp-module-pls/includes/Utilities/HiiveUtility.php">
      <class name="NewfoldLabs\WP\Module\PLS\Utilities\HiiveUtility" namespace="global">
        <metrics complexity="11" methods="3" coveredmethods="0" conditionals="0" coveredconditionals="0" statements="37" coveredstatements="0" elements="40" coveredelements="0"/>
      </class>
      <line num="46" type="method" name="__construct" visibility="public" complexity="2" crap="6" count="0"/>
      <line num="47" type="stmt" count="0"/>
      <line num="48" type="stmt" count="0"/>
      <line num="50" type="stmt" count="0"/>
      <line num="52" type="stmt" count="0"/>
      <line num="53" type="stmt" count="0"/>
      <line num="54" type="stmt" count="0"/>
      <line num="62" type="method" name="send_request" visibility="public" complexity="8" crap="72" count="0"/>
      <line num="64" type="stmt" count="0"/>
      <line num="67" type="stmt" count="0"/>
      <line num="68" type="stmt" count="0"/>
      <line num="69" type="stmt" count="0"/>
      <line num="70" type="stmt" count="0"/>
      <line num="71" type="stmt" count="0"/>
      <line num="75" type="stmt" count="0"/>
      <line num="76" type="stmt" count="0"/>
      <line num="77" type="stmt" count="0"/>
      <line num="78" type="stmt" count="0"/>
      <line num="79" type="stmt" count="0"/>
      <line num="80" type="stmt" count="0"/>
      <line num="81" type="stmt" count="0"/>
      <line num="82" type="stmt" count="0"/>
      <line num="85" type="stmt" count="0"/>
      <line num="86" type="stmt" count="0"/>
      <line num="90" type="stmt" count="0"/>
      <line num="91" type="stmt" count="0"/>
      <line num="92" type="stmt" count="0"/>
      <line num="95" type="stmt" count="0"/>
      <line num="98" type="stmt" count="0"/>
      <line num="99" type="stmt" count="0"/>
      <line num="103" type="stmt" count="0"/>
      <line num="104" type="stmt" count="0"/>
      <line num="105" type="stmt" count="0"/>
      <line num="106" type="stmt" count="0"/>
      <line num="107" type="stmt" count="0"/>
      <line num="108" type="stmt" count="0"/>
      <line num="112" type="stmt" count="0"/>
      <line num="121" type="method" name="get_request_url" visibility="public" complexity="1" crap="2" count="0"/>
      <line num="122" type="stmt" count="0"/>
      <metrics loc="125" ncloc="77" classes="1" methods="3" coveredmethods="0" conditionals="0" coveredconditionals="0" statements="37" coveredstatements="0" elements="40" coveredelements="0"/>
    </file>
    <file name="/home/runner/work/wp-module-pls/wp-module-pls/includes/Utilities/PLSUtility.php">
      <class name="NewfoldLabs\WP\Module\PLS\Utilities\PLSUtility" namespace="global">
        <metrics complexity="46" methods="6" coveredmethods="0" conditionals="0" coveredconditionals="0" statements="167" coveredstatements="0" elements="173" coveredelements="0"/>
      </class>
      <line num="32" type="method" name="__construct" visibility="public" complexity="2" crap="6" count="0"/>
      <line num="34" type="stmt" count="0"/>
      <line num="35" type="stmt" count="0"/>
      <line num="37" type="stmt" count="0"/>
      <line num="45" type="method" name="store_license_storage_map" visibility="public" complexity="1" crap="2" count="0"/>
      <line num="46" type="stmt" count="0"/>
      <line num="54" type="method" name="retrieve_license_storage_map" visibility="public" complexity="4" crap="20" count="0"/>
      <line num="56" type="stmt" count="0"/>
      <line num="58" type="stmt" count="0"/>
      <line num="59" type="stmt" count="0"/>
      <line num="62" type="stmt" count="0"/>
      <line num="63" type="stmt" count="0"/>
      <line num="67" type="stmt" count="0"/>
      <line num="68" type="stmt" count="0"/>
      <line num="70" type="stmt" count="0"/>
      <line num="71" type="stmt" count="0"/>
      <line num="73" type="stmt" count="0"/>
      <line num="85" type="method" name="provision_license" visibility="public" complexity="14" crap="210" count="0"/>
      <line num="87" type="stmt" count="0"/>
      <line num="90" type="stmt" count="0"/>
      <line num="92" type="stmt" count="0"/>
      <line num="93" type="stmt" count="0"/>
      <line num="96" type="stmt" count="0"/>
      <line num="97" type="stmt" count="0"/>
      <line num="98" type="stmt" count="0"/>
      <line num="102" type="stmt" count="0"/>
      <line num="103" type="stmt" count="0"/>
      <line num="105" type="stmt" count="0"/>
      <line num="106" type="stmt" count="0"/>
      <line num="109" type="stmt" count="0"/>
      <line num="110" type="stmt" count="0"/>
      <line num="114" type="stmt" count="0"/>
      <line num="117" type="stmt" count="0"/>
      <line num="118" type="stmt" count="0"/>
      <line num="121" type="stmt" count="0"/>
      <line num="122" type="stmt" count="0"/>
      <line num="123" type="stmt" count="0"/>
      <line num="130" type="stmt" count="0"/>
      <line num="131" type="stmt" count="0"/>
      <line num="132" type="stmt" count="0"/>
      <line num="133" type="stmt" count="0"/>
      <line num="134" type="stmt" count="0"/>
      <line num="137" type="stmt" count="0"/>
      <line num="138" type="stmt" count="0"/>
      <line num="141" type="stmt" count="0"/>
      <line num="142" type="stmt" count="0"/>
      <line num="150" type="stmt" count="0"/>
      <line num="153" type="stmt" count="0"/>
      <line num="160" type="stmt" count="0"/>
      <line num="162" type="stmt" count="0"/>
      <line num="163" type="stmt" count="0"/>
      <line num="164" type="stmt" count="0"/>
      <line num="166" type="stmt" count="0"/>
      <line num="167" type="stmt" count="0"/>
      <line num="168" type="stmt" count="0"/>
      <line num="170" type="stmt" count="0"/>
      <line num="171" type="stmt" count="0"/>
      <line num="172" type="stmt" count="0"/>
      <line num="175" type="stmt" count="0"/>
      <line num="178" type="stmt" count="0"/>
      <line num="179" type="stmt" count="0"/>
      <line num="180" type="stmt" count="0"/>
      <line num="181" type="stmt" count="0"/>
      <line num="182" type="stmt" count="0"/>
      <line num="183" type="stmt" count="0"/>
      <line num="184" type="stmt" count="0"/>
      <line num="185" type="stmt" count="0"/>
      <line num="188" type="stmt" count="0"/>
      <line num="189" type="stmt" count="0"/>
      <line num="192" type="stmt" count="0"/>
      <line num="193" type="stmt" count="0"/>
      <line num="194" type="stmt" count="0"/>
      <line num="195" type="stmt" count="0"/>
      <line num="196" type="stmt" count="0"/>
      <line num="197" type="stmt" count="0"/>
      <line num="198" type="stmt" count="0"/>
      <line num="209" type="method" name="activate_license" visibility="public" complexity="14" crap="210" count="0"/>
      <line num="211" type="stmt" count="0"/>
      <line num="214" type="stmt" count="0"/>
      <line num="215" type="stmt" count="0"/>
      <line num="216" type="stmt" count="0"/>
      <line num="217" type="stmt" count="0"/>
      <line num="218" type="stmt" count="0"/>
      <line num="221" type="stmt" count="0"/>
      <line num="224" type="stmt" count="0"/>
      <line num="225" type="stmt" count="0"/>
      <line num="226" type="stmt" count="0"/>
      <line num="227" type="stmt" count="0"/>
      <line num="228" type="stmt" count="0"/>
      <line num="229" type="stmt" count="0"/>
      <line num="232" type="stmt" count="0"/>
      <line num="235" type="stmt" count="0"/>
      <line num="236" type="stmt" count="0"/>
      <line num="240" type="stmt" count="0"/>
      <line num="241" type="stmt" count="0"/>
      <line num="242" type="stmt" count="0"/>
      <line num="243" type="stmt" count="0"/>
      <line num="244" type="stmt" count="0"/>
      <line num="245" type="stmt" count="0"/>
      <line num="249" type="stmt" count="0"/>
      <line num="251" type="stmt" count="0"/>
      <line num="252" type="stmt" count="0"/>
      <line num="256" type="stmt" count="0"/>
      <line num="258" type="stmt" count="0"/>
      <line num="260" type="stmt" count="0"/>
      <line num="264" type="stmt" count="0"/>
      <line num="265" type="stmt" count="0"/>
      <line num="268" type="stmt" count="0"/>
      <line num="269" type="stmt" count="0"/>
      <line num="270" type="stmt" count="0"/>
      <line num="271" type="stmt" count="0"/>
      <line num="272" type="stmt" count="0"/>
      <line num="273" type="stmt" count="0"/>
      <line num="277" type="stmt" count="0"/>
      <line num="278" type="stmt" count="0"/>
      <line num="279" type="stmt" count="0"/>
      <line num="280" type="stmt" count="0"/>
      <line num="283" type="stmt" count="0"/>
      <line num="284" type="stmt" count="0"/>
      <line num="285" type="stmt" count="0"/>
      <line num="286" type="stmt" count="0"/>
      <line num="287" type="stmt" count="0"/>
      <line num="288" type="stmt" count="0"/>
      <line num="289" type="stmt" count="0"/>
      <line num="290" type="stmt" count="0"/>
      <line num="293" type="stmt" count="0"/>
      <line num="294" type="stmt" count="0"/>
      <line num="297" type="stmt" count="0"/>
      <line num="298" type="stmt" count="0"/>
      <line num="299" type="stmt" count="0"/>
      <line num="300" type="stmt" count="0"/>
      <line num="301" type="stmt" count="0"/>
      <line num="302" type="stmt" count="0"/>
      <line num="306" type="stmt" count="0"/>
      <line num="307" type="stmt" count="0"/>
      <line num="309" type="stmt" count="0"/>
      <line num="310" type="stmt" count="0"/>
      <line num="314" type="stmt" count="0"/>
      <line num="315" type="stmt" count="0"/>
      <line num="316" type="stmt" count="0"/>
      <line num="317" type="stmt" count="0"/>
      <line num="331" type="method" name="check_license_status" visibility="public" complexity="11" crap="132" count="0"/>
      <line num="333" type="stmt" count="0"/>
      <line num="335" type="stmt" count="0"/>
      <line num="338" type="stmt" count="0"/>
      <line num="339" type="stmt" count="0"/>
      <line num="343" type="stmt" count="0"/>
      <line num="346" type="stmt" count="0"/>
      <line num="347" type="stmt" count="0"/>
      <line num="348" type="stmt" count="0"/>
      <line num="351" type="stmt" count="0"/>
      <line num="352" type="stmt" count="0"/>
      <line num="353" type="stmt" count="0"/>
      <line num="356" type="stmt" count="0"/>
      <line num="357" type="stmt" count="0"/>
      <line num="358" type="stmt" count="0"/>
      <line num="361" type="stmt" count="0"/>
      <line num="362" type="stmt" count="0"/>
      <line num="363" type="stmt" count="0"/>
      <line num="367" type="stmt" count="0"/>
      <line num="370" type="stmt" count="0"/>
      <line num="371" type="stmt" count="0"/>
      <line num="376" type="stmt" count="0"/>
      <line num="377" type="stmt" count="0"/>
      <line num="378" type="stmt" count="0"/>
      <line num="379" type="stmt" count="0"/>
      <line num="380" type="stmt" count="0"/>
      <line num="381" type="stmt" count="0"/>
      <line num="382" type="stmt" count="0"/>
      <line num="385" type="stmt" count="0"/>
      <line num="386" type="stmt" count="0"/>
      <line num="390" type="stmt" count="0"/>
      <line num="391" type="stmt" count="0"/>
      <metrics loc="394" ncloc="279" classes="1" methods="6" coveredmethods="0" conditionals="0" coveredconditionals="0" statements="167" coveredstatements="0" elements="173" coveredelements="0"/>
    </file>
    <file name="/home/runner/work/wp-module-pls/wp-module-pls/includes/WPCLI/Handlers/PLSCommandHandler.php">
      <class name="NewfoldLabs\WP\Module\PLS\WPCLI\Handlers\PLSCommandHandler" namespace="global">
        <metrics complexity="6" methods="3" coveredmethods="0" conditionals="0" coveredconditionals="0" statements="19" coveredstatements="0" elements="22" coveredelements="0"/>
      </class>
      <line num="33" type="method" name="provision" visibility="public" complexity="2" crap="6" count="0"/>
      <line num="34" type="stmt" count="0"/>
      <line num="35" type="stmt" count="0"/>
      <line num="37" type="stmt" count="0"/>
      <line num="38" type="stmt" count="0"/>
      <line num="40" type="stmt" count="0"/>
      <line num="41" type="stmt" count="0"/>
      <line num="43" type="stmt" count="0"/>
      <line num="63" type="method" name="status" visibility="public" complexity="2" crap="6" count="0"/>
      <line num="64" type="stmt" count="0"/>
      <line num="66" type="stmt" count="0"/>
      <line num="67" type="stmt" count="0"/>
      <line num="69" type="stmt" count="0"/>
      <line num="70" type="stmt" count="0"/>
      <line num="72" type="stmt" count="0"/>
      <line num="91" type="method" name="activate" visibility="public" complexity="2" crap="6" count="0"/>
      <line num="92" type="stmt" count="0"/>
      <line num="94" type="stmt" count="0"/>
      <line num="95" type="stmt" count="0"/>
      <line num="97" type="stmt" count="0"/>
      <line num="98" type="stmt" count="0"/>
      <line num="100" type="stmt" count="0"/>
      <metrics loc="104" ncloc="51" classes="1" methods="3" coveredmethods="0" conditionals="0" coveredconditionals="0" statements="19" coveredstatements="0" elements="22" coveredelements="0"/>
    </file>
    <file name="/home/runner/work/wp-module-pls/wp-module-pls/includes/WPCLI/WPCLI.php">
      <class name="NewfoldLabs\WP\Module\PLS\WPCLI\WPCLI" namespace="global">
        <metrics complexity="3" methods="1" coveredmethods="0" conditionals="0" coveredconditionals="0" statements="2" coveredstatements="0" elements="3" coveredelements="0"/>
      </class>
      <line num="17" type="method" name="__construct" visibility="public" complexity="3" crap="12" count="0"/>
      <line num="18" type="stmt" count="0"/>
      <line num="19" type="stmt" count="0"/>
      <metrics loc="23" ncloc="15" classes="1" methods="1" coveredmethods="0" conditionals="0" coveredconditionals="0" statements="2" coveredstatements="0" elements="3" coveredelements="0"/>
    </file>
    <metrics files="10" loc="1120" ncloc="724" classes="9" methods="31" coveredmethods="1" conditionals="0" coveredconditionals="0" statements="372" coveredstatements="30" elements="403" coveredelements="31"/>
  </project>
</coverage>
